<?xml version="1.0" encoding="UTF-8"?>
<testsuite xmlns:xsi="http://www.w3.org/2001/XMLSchema-instance" xsi:noNamespaceSchemaLocation="https://maven.apache.org/surefire/maven-surefire-plugin/xsd/surefire-test-report.xsd" version="3.0.2" name="com.thundercore.erp.ErpApplicationTests" time="15.888" tests="7" errors="0" skipped="0" failures="0">
  <properties>
[...]
</properties>
  <testcase name="protectedDashboardAcceptsJwt" classname="com.thundercore.erp.ErpApplicationTests" time="1.273">
    <system-out><![CDATA[13:02:14.330 [main] INFO org.springframework.test.context.support.AnnotationConfigContextLoaderUtils -- Could not detect default configuration classes for test class [com.thundercore.erp.ErpApplicationTests]: ErpApplicationTests does not declare any static, non-private, non-final, nested classes annotated with @Configuration.
13:02:14.603 [main] INFO org.springframework.boot.test.context.SpringBootTestContextBootstrapper -- Found @SpringBootConfiguration com.thundercore.erp.ErpApplication for test class com.thundercore.erp.ErpApplicationTests

  .   ____          _            __ _ _
 /\\ / ___'_ __ _ _(_)_ __  __ _ \ \ \ \
( ( )\___ | '_ | '_| | '_ \/ _` | \ \ \ \
 \\/  ___)| |_)| | | | | || (_| |  ) ) ) )
  '  |____| .__|_| |_|_| |_\__, | / / / /
 =========|_|==============|___/=/_/_/_/

 :: Spring Boot ::                (v3.4.5)

2026-05-29T13:02:15.297+05:30  INFO 6072 --- [thundercore-erp] [           main] c.thundercore.erp.ErpApplicationTests    : Starting ErpApplicationTests using Java 25.0.3 with PID 6072 (started by Hruthu in D:\thunder core project\thunder core project\thundercore-erp\backend)
2026-05-29T13:02:15.302+05:30  INFO 6072 --- [thundercore-erp] [           main] c.thundercore.erp.ErpApplicationTests    : The following 1 profile is active: "dev"
2026-05-29T13:02:17.590+05:30  INFO 6072 --- [thundercore-erp] [           main] .s.d.r.c.RepositoryConfigurationDelegate : Bootstrapping Spring Data JPA repositories in DEFAULT mode.
2026-05-29T13:02:17.769+05:30  INFO 6072 --- [thundercore-erp] [           main] .s.d.r.c.RepositoryConfigurationDelegate : Finished Spring Data repository scanning in 163 ms. Found 11 JPA repository interfaces.
2026-05-29T13:02:19.196+05:30  INFO 6072 --- [thundercore-erp] [           main] o.hibernate.jpa.internal.util.LogHelper  : HHH000204: Processing PersistenceUnitInfo [name: default]
2026-05-29T13:02:19.324+05:30  INFO 6072 --- [thundercore-erp] [           main] org.hibernate.Version                    : HHH000412: Hibernate ORM core version 6.6.13.Final
2026-05-29T13:02:19.394+05:30  INFO 6072 --- [thundercore-erp] [           main] o.h.c.internal.RegionFactoryInitiator    : HHH000026: Second-level cache disabled
2026-05-29T13:02:19.777+05:30  INFO 6072 --- [thundercore-erp] [           main] o.s.o.j.p.SpringPersistenceUnitInfo      : No LoadTimeWeaver setup: ignoring JPA class transformer
2026-05-29T13:02:19.819+05:30  INFO 6072 --- [thundercore-erp] [           main] com.zaxxer.hikari.HikariDataSource       : HikariPool-1 - Starting...
2026-05-29T13:02:20.065+05:30  INFO 6072 --- [thundercore-erp] [           main] com.zaxxer.hikari.pool.HikariPool        : HikariPool-1 - Added connection conn0: url=jdbc:h2:mem:thundercore_db user=SA
2026-05-29T13:02:20.067+05:30  INFO 6072 --- [thundercore-erp] [           main] com.zaxxer.hikari.HikariDataSource       : HikariPool-1 - Start completed.
2026-05-29T13:02:20.160+05:30  INFO 6072 --- [thundercore-erp] [           main] org.hibernate.orm.connections.pooling    : HHH10001005: Database info:
	Database JDBC URL [Connecting through datasource 'HikariDataSource (HikariPool-1)']
	Database driver: undefined/unknown
	Database version: 2.3.232
	Autocommit mode: undefined/unknown
	Isolation level: undefined/unknown
	Minimum pool size: undefined/unknown
	Maximum pool size: undefined/unknown
2026-05-29T13:02:21.831+05:30  INFO 6072 --- [thundercore-erp] [           main] o.h.e.t.j.p.i.JtaPlatformInitiator       : HHH000489: No JTA platform available (set 'hibernate.transaction.jta.platform' to enable JTA platform integration)
2026-05-29T13:02:21.985+05:30  INFO 6072 --- [thundercore-erp] [           main] j.LocalContainerEntityManagerFactoryBean : Initialized JPA EntityManagerFactory for persistence unit 'default'
2026-05-29T13:02:22.938+05:30  INFO 6072 --- [thundercore-erp] [           main] o.s.d.j.r.query.QueryEnhancerFactory     : Hibernate is in classpath; If applicable, HQL parser will be used.
2026-05-29T13:02:25.667+05:30  INFO 6072 --- [thundercore-erp] [           main] o.s.b.a.e.web.EndpointLinksResolver      : Exposing 2 endpoints beneath base path '/actuator'
2026-05-29T13:02:26.808+05:30  INFO 6072 --- [thundercore-erp] [           main] o.s.b.a.h2.H2ConsoleAutoConfiguration    : H2 console available at '/h2-console'. Database available at 'jdbc:h2:mem:thundercore_db'
2026-05-29T13:02:26.933+05:30  INFO 6072 --- [thundercore-erp] [           main] o.s.b.t.m.w.SpringBootMockServletContext : Initializing Spring TestDispatcherServlet ''
2026-05-29T13:02:26.933+05:30  INFO 6072 --- [thundercore-erp] [           main] o.s.t.web.servlet.TestDispatcherServlet  : Initializing Servlet ''
2026-05-29T13:02:26.935+05:30  INFO 6072 --- [thundercore-erp] [           main] o.s.t.web.servlet.TestDispatcherServlet  : Completed initialization in 1 ms
2026-05-29T13:02:27.070+05:30  INFO 6072 --- [thundercore-erp] [           main] o.s.m.s.b.SimpleBrokerMessageHandler     : Starting...
2026-05-29T13:02:27.072+05:30  INFO 6072 --- [thundercore-erp] [           main] o.s.m.s.b.SimpleBrokerMessageHandler     : BrokerAvailabilityEvent[available=true, SimpleBrokerMessageHandler [org.springframework.messaging.simp.broker.DefaultSubscriptionRegistry@19f7179]]
2026-05-29T13:02:27.075+05:30  INFO 6072 --- [thundercore-erp] [           main] o.s.m.s.b.SimpleBrokerMessageHandler     : Started.
2026-05-29T13:02:27.103+05:30  INFO 6072 --- [thundercore-erp] [           main] c.thundercore.erp.ErpApplicationTests    : Started ErpApplicationTests in 12.299 seconds (process running for 14.003)
2026-05-29T13:02:27.704+05:30  INFO 6072 --- [thundercore-erp] [           main] com.thundercore.erp.DataInitializer      : Demo user created: admin@thundercore.com (role=SUPER_ADMIN)
2026-05-29T13:02:27.806+05:30  INFO 6072 --- [thundercore-erp] [           main] com.thundercore.erp.DataInitializer      : Demo user created: manager@thundercore.com (role=MANAGER)
2026-05-29T13:02:27.931+05:30  INFO 6072 --- [thundercore-erp] [           main] com.thundercore.erp.DataInitializer      : Demo user created: staff@thundercore.com (role=STAFF)
2026-05-29T13:02:29.029+05:30  INFO 6072 --- [thundercore-erp] [           main] c.t.erp.auth.controller.AuthController   : Successful login: admin@thundercore.com (role=SUPER_ADMIN)
]]></system-out>
    <system-err><![CDATA[Mockito is currently self-attaching to enable the inline-mock-maker. This will no longer work in future releases of the JDK. Please add Mockito as an agent to your build what is described in Mockito's documentation: https://javadoc.io/doc/org.mockito/mockito-core/latest/org/mockito/Mockito.html#0.3
WARNING: A Java agent has been loaded dynamically (C:\Users\admin\.m2\repository\net\bytebuddy\byte-buddy-agent\1.15.11\byte-buddy-agent-1.15.11.jar)
WARNING: If a serviceability tool is in use, please run with -XX:+EnableDynamicAgentLoading to hide this warning
WARNING: If a serviceability tool is not in use, please run with -Djdk.instrument.traceUsage for more information
WARNING: Dynamic loading of agents will be disallowed by default in a future release
]]></system-err>
  </testcase>
  <testcase name="publicRegistrationIsNotAllowed" classname="com.thundercore.erp.ErpApplicationTests" time="0.013"/>
  <testcase name="protectedDashboardRejectsAnonymousRequests" classname="com.thundercore.erp.ErpApplicationTests" time="0.018"/>
  <testcase name="loginDefaultAdminReturnsJwt" classname="com.thundercore.erp.ErpApplicationTests" time="0.111">
    <system-out><![CDATA[2026-05-29T13:02:29.366+05:30  INFO 6072 --- [thundercore-erp] [           main] c.t.erp.auth.controller.AuthController   : Successful login: admin@thundercore.com (role=SUPER_ADMIN)
]]></system-out>
  </testcase>
  <testcase name="customerCrudAcceptsAdminJwt" classname="com.thundercore.erp.ErpApplicationTests" time="0.283">
    <system-out><![CDATA[2026-05-29T13:02:29.475+05:30  INFO 6072 --- [thundercore-erp] [           main] c.t.erp.auth.controller.AuthController   : Successful login: admin@thundercore.com (role=SUPER_ADMIN)
]]></system-out>
  </testcase>
  <testcase name="contextLoads" classname="com.thundercore.erp.ErpApplicationTests" time="0.004"/>
  <testcase name="salesOrdersReturnProductForCustomerPage" classname="com.thundercore.erp.ErpApplicationTests" time="0.336">
    <system-out><![CDATA[2026-05-29T13:02:29.762+05:30  INFO 6072 --- [thundercore-erp] [           main] c.t.erp.auth.controller.AuthController   : Successful login: admin@thundercore.com (role=SUPER_ADMIN)
]]></system-out>
  </testcase>
</testsuite>